[2025-07-20T00:00:01.363+0000] {taskinstance.py:1159} INFO - Dependencies all met for dep_context=non-requeueable deps ti=<TaskInstance: etl_reddit_pipeline.reddit_extraction scheduled__2025-07-19T00:00:00+00:00 [queued]>
[2025-07-20T00:00:01.374+0000] {taskinstance.py:1159} INFO - Dependencies all met for dep_context=requeueable deps ti=<TaskInstance: etl_reddit_pipeline.reddit_extraction scheduled__2025-07-19T00:00:00+00:00 [queued]>
[2025-07-20T00:00:01.375+0000] {taskinstance.py:1361} INFO - Starting attempt 1 of 1
[2025-07-20T00:00:01.388+0000] {taskinstance.py:1382} INFO - Executing <Task(PythonOperator): reddit_extraction> on 2025-07-19 00:00:00+00:00
[2025-07-20T00:00:01.396+0000] {standard_task_runner.py:57} INFO - Started process 55 to run task
[2025-07-20T00:00:01.399+0000] {standard_task_runner.py:84} INFO - Running: ['airflow', 'tasks', 'run', 'etl_reddit_pipeline', 'reddit_extraction', 'scheduled__2025-07-19T00:00:00+00:00', '--job-id', '4', '--raw', '--subdir', 'DAGS_FOLDER/reddit_dag.py', '--cfg-path', '/tmp/tmpsb5d09wz']
[2025-07-20T00:00:01.400+0000] {standard_task_runner.py:85} INFO - Job 4: Subtask reddit_extraction
[2025-07-20T00:00:01.499+0000] {task_command.py:416} INFO - Running <TaskInstance: etl_reddit_pipeline.reddit_extraction scheduled__2025-07-19T00:00:00+00:00 [running]> on host 84c94c3377fe
[2025-07-20T00:00:01.612+0000] {taskinstance.py:1662} INFO - Exporting env vars: AIRFLOW_CTX_DAG_OWNER='Nawoda Wijesooriya' AIRFLOW_CTX_DAG_ID='etl_reddit_pipeline' AIRFLOW_CTX_TASK_ID='reddit_extraction' AIRFLOW_CTX_EXECUTION_DATE='2025-07-19T00:00:00+00:00' AIRFLOW_CTX_TRY_NUMBER='1' AIRFLOW_CTX_DAG_RUN_ID='scheduled__2025-07-19T00:00:00+00:00'
[2025-07-20T00:00:01.616+0000] {logging_mixin.py:151} INFO - Failed to connect to Reddit API: Required configuration setting 'user_agent' missing. 
This setting can be provided in a praw.ini file, as a keyword argument to the Reddit class constructor, or as an environment variable.
[2025-07-20T00:00:01.652+0000] {local_task_job_runner.py:228} INFO - Task exited with return code 1
[2025-07-20T00:00:01.670+0000] {taskinstance.py:2778} INFO - 0 downstream tasks scheduled from follow-on schedule check
[2025-07-20T00:17:08.263+0000] {taskinstance.py:1159} INFO - Dependencies all met for dep_context=non-requeueable deps ti=<TaskInstance: etl_reddit_pipeline.reddit_extraction scheduled__2025-07-19T00:00:00+00:00 [queued]>
[2025-07-20T00:17:08.274+0000] {taskinstance.py:1159} INFO - Dependencies all met for dep_context=requeueable deps ti=<TaskInstance: etl_reddit_pipeline.reddit_extraction scheduled__2025-07-19T00:00:00+00:00 [queued]>
[2025-07-20T00:17:08.274+0000] {taskinstance.py:1361} INFO - Starting attempt 1 of 1
[2025-07-20T00:17:08.288+0000] {taskinstance.py:1382} INFO - Executing <Task(PythonOperator): reddit_extraction> on 2025-07-19 00:00:00+00:00
[2025-07-20T00:17:08.296+0000] {standard_task_runner.py:57} INFO - Started process 68 to run task
[2025-07-20T00:17:08.302+0000] {standard_task_runner.py:84} INFO - Running: ['airflow', 'tasks', 'run', 'etl_reddit_pipeline', 'reddit_extraction', 'scheduled__2025-07-19T00:00:00+00:00', '--job-id', '10', '--raw', '--subdir', 'DAGS_FOLDER/reddit_dag.py', '--cfg-path', '/tmp/tmpnromkz7z']
[2025-07-20T00:17:08.304+0000] {standard_task_runner.py:85} INFO - Job 10: Subtask reddit_extraction
[2025-07-20T00:17:08.383+0000] {task_command.py:416} INFO - Running <TaskInstance: etl_reddit_pipeline.reddit_extraction scheduled__2025-07-19T00:00:00+00:00 [running]> on host 84c94c3377fe
[2025-07-20T00:17:08.472+0000] {taskinstance.py:1662} INFO - Exporting env vars: AIRFLOW_CTX_DAG_OWNER='Nawoda Wijesooriya' AIRFLOW_CTX_DAG_ID='etl_reddit_pipeline' AIRFLOW_CTX_TASK_ID='reddit_extraction' AIRFLOW_CTX_EXECUTION_DATE='2025-07-19T00:00:00+00:00' AIRFLOW_CTX_TRY_NUMBER='1' AIRFLOW_CTX_DAG_RUN_ID='scheduled__2025-07-19T00:00:00+00:00'
[2025-07-20T00:17:08.475+0000] {logging_mixin.py:151} INFO - Failed to connect to Reddit API: Required configuration setting 'user_agent' missing. 
This setting can be provided in a praw.ini file, as a keyword argument to the Reddit class constructor, or as an environment variable.
[2025-07-20T00:17:08.514+0000] {local_task_job_runner.py:228} INFO - Task exited with return code 1
[2025-07-20T00:17:08.534+0000] {taskinstance.py:2778} INFO - 0 downstream tasks scheduled from follow-on schedule check
