[2025-07-20T00:00:03.964+0000] {processor.py:157} INFO - Started process (PID=104) to work on /opt/airflow/dags/reddit_dag.py
[2025-07-20T00:00:03.965+0000] {processor.py:829} INFO - Processing file /opt/airflow/dags/reddit_dag.py for tasks to queue
[2025-07-20T00:00:03.966+0000] {logging_mixin.py:151} INFO - [2025-07-20T00:00:03.966+0000] {dagbag.py:536} INFO - Filling up the DagBag from /opt/airflow/dags/reddit_dag.py
[2025-07-20T00:00:04.077+0000] {processor.py:839} INFO - DAG(s) dict_keys(['etl_reddit_pipeline']) retrieved from /opt/airflow/dags/reddit_dag.py
[2025-07-20T00:00:04.101+0000] {logging_mixin.py:151} INFO - [2025-07-20T00:00:04.101+0000] {taskinstance.py:1939} ERROR - {'DAG Id': 'etl_reddit_pipeline', 'Task Id': 'reddit_extraction', 'Run Id': 'scheduled__2025-07-19T00:00:00+00:00', 'Hostname': '84c94c3377fe', 'External Executor Id': '2f75f96c-6f00-43b0-9454-26d372243f89'}
[2025-07-20T00:00:04.117+0000] {logging_mixin.py:151} INFO - [2025-07-20T00:00:04.117+0000] {taskinstance.py:1400} INFO - Marking task as FAILED. dag_id=etl_reddit_pipeline, task_id=reddit_extraction, execution_date=20250719T000000, start_date=20250720T000001, end_date=20250720T000004
[2025-07-20T00:00:04.127+0000] {processor.py:790} INFO - Executed failure callback for <TaskInstance: etl_reddit_pipeline.reddit_extraction scheduled__2025-07-19T00:00:00+00:00 [failed]> in state failed
[2025-07-20T00:00:04.233+0000] {logging_mixin.py:151} INFO - [2025-07-20T00:00:04.232+0000] {dag.py:2941} INFO - Sync 1 DAGs
[2025-07-20T00:00:04.250+0000] {logging_mixin.py:151} INFO - [2025-07-20T00:00:04.250+0000] {dag.py:3722} INFO - Setting next_dagrun for etl_reddit_pipeline to 2025-07-20T00:00:00+00:00, run_after=2025-07-21T00:00:00+00:00
[2025-07-20T00:00:04.273+0000] {processor.py:179} INFO - Processing /opt/airflow/dags/reddit_dag.py took 0.313 seconds
[2025-07-20T00:00:34.476+0000] {processor.py:157} INFO - Started process (PID=105) to work on /opt/airflow/dags/reddit_dag.py
[2025-07-20T00:00:34.477+0000] {processor.py:829} INFO - Processing file /opt/airflow/dags/reddit_dag.py for tasks to queue
[2025-07-20T00:00:34.478+0000] {logging_mixin.py:151} INFO - [2025-07-20T00:00:34.477+0000] {dagbag.py:536} INFO - Filling up the DagBag from /opt/airflow/dags/reddit_dag.py
[2025-07-20T00:00:34.596+0000] {processor.py:839} INFO - DAG(s) dict_keys(['etl_reddit_pipeline']) retrieved from /opt/airflow/dags/reddit_dag.py
[2025-07-20T00:00:34.634+0000] {logging_mixin.py:151} INFO - [2025-07-20T00:00:34.634+0000] {dag.py:2941} INFO - Sync 1 DAGs
[2025-07-20T00:00:34.661+0000] {logging_mixin.py:151} INFO - [2025-07-20T00:00:34.661+0000] {dag.py:3722} INFO - Setting next_dagrun for etl_reddit_pipeline to 2025-07-20T00:00:00+00:00, run_after=2025-07-21T00:00:00+00:00
[2025-07-20T00:00:34.684+0000] {processor.py:179} INFO - Processing /opt/airflow/dags/reddit_dag.py took 0.213 seconds
[2025-07-20T00:01:04.856+0000] {processor.py:157} INFO - Started process (PID=106) to work on /opt/airflow/dags/reddit_dag.py
[2025-07-20T00:01:04.856+0000] {processor.py:829} INFO - Processing file /opt/airflow/dags/reddit_dag.py for tasks to queue
[2025-07-20T00:01:04.857+0000] {logging_mixin.py:151} INFO - [2025-07-20T00:01:04.857+0000] {dagbag.py:536} INFO - Filling up the DagBag from /opt/airflow/dags/reddit_dag.py
[2025-07-20T00:01:04.957+0000] {processor.py:839} INFO - DAG(s) dict_keys(['etl_reddit_pipeline']) retrieved from /opt/airflow/dags/reddit_dag.py
[2025-07-20T00:01:04.986+0000] {logging_mixin.py:151} INFO - [2025-07-20T00:01:04.986+0000] {dag.py:2941} INFO - Sync 1 DAGs
[2025-07-20T00:01:05.009+0000] {logging_mixin.py:151} INFO - [2025-07-20T00:01:05.009+0000] {dag.py:3722} INFO - Setting next_dagrun for etl_reddit_pipeline to 2025-07-20T00:00:00+00:00, run_after=2025-07-21T00:00:00+00:00
[2025-07-20T00:01:05.043+0000] {processor.py:179} INFO - Processing /opt/airflow/dags/reddit_dag.py took 0.191 seconds
[2025-07-20T00:01:35.210+0000] {processor.py:157} INFO - Started process (PID=107) to work on /opt/airflow/dags/reddit_dag.py
[2025-07-20T00:01:35.211+0000] {processor.py:829} INFO - Processing file /opt/airflow/dags/reddit_dag.py for tasks to queue
[2025-07-20T00:01:35.212+0000] {logging_mixin.py:151} INFO - [2025-07-20T00:01:35.211+0000] {dagbag.py:536} INFO - Filling up the DagBag from /opt/airflow/dags/reddit_dag.py
[2025-07-20T00:01:35.321+0000] {processor.py:839} INFO - DAG(s) dict_keys(['etl_reddit_pipeline']) retrieved from /opt/airflow/dags/reddit_dag.py
[2025-07-20T00:01:35.365+0000] {logging_mixin.py:151} INFO - [2025-07-20T00:01:35.365+0000] {dag.py:2941} INFO - Sync 1 DAGs
[2025-07-20T00:01:35.394+0000] {logging_mixin.py:151} INFO - [2025-07-20T00:01:35.393+0000] {dag.py:3722} INFO - Setting next_dagrun for etl_reddit_pipeline to 2025-07-20T00:00:00+00:00, run_after=2025-07-21T00:00:00+00:00
[2025-07-20T00:01:35.468+0000] {processor.py:179} INFO - Processing /opt/airflow/dags/reddit_dag.py took 0.262 seconds
[2025-07-20T00:02:05.629+0000] {processor.py:157} INFO - Started process (PID=108) to work on /opt/airflow/dags/reddit_dag.py
[2025-07-20T00:02:05.631+0000] {processor.py:829} INFO - Processing file /opt/airflow/dags/reddit_dag.py for tasks to queue
[2025-07-20T00:02:05.632+0000] {logging_mixin.py:151} INFO - [2025-07-20T00:02:05.631+0000] {dagbag.py:536} INFO - Filling up the DagBag from /opt/airflow/dags/reddit_dag.py
[2025-07-20T00:02:05.726+0000] {processor.py:839} INFO - DAG(s) dict_keys(['etl_reddit_pipeline']) retrieved from /opt/airflow/dags/reddit_dag.py
[2025-07-20T00:02:05.753+0000] {logging_mixin.py:151} INFO - [2025-07-20T00:02:05.753+0000] {dag.py:2941} INFO - Sync 1 DAGs
[2025-07-20T00:02:05.777+0000] {logging_mixin.py:151} INFO - [2025-07-20T00:02:05.776+0000] {dag.py:3722} INFO - Setting next_dagrun for etl_reddit_pipeline to 2025-07-20T00:00:00+00:00, run_after=2025-07-21T00:00:00+00:00
[2025-07-20T00:02:05.791+0000] {processor.py:179} INFO - Processing /opt/airflow/dags/reddit_dag.py took 0.165 seconds
[2025-07-20T00:02:35.989+0000] {processor.py:157} INFO - Started process (PID=109) to work on /opt/airflow/dags/reddit_dag.py
[2025-07-20T00:02:35.989+0000] {processor.py:829} INFO - Processing file /opt/airflow/dags/reddit_dag.py for tasks to queue
[2025-07-20T00:02:35.991+0000] {logging_mixin.py:151} INFO - [2025-07-20T00:02:35.990+0000] {dagbag.py:536} INFO - Filling up the DagBag from /opt/airflow/dags/reddit_dag.py
[2025-07-20T00:02:36.093+0000] {processor.py:839} INFO - DAG(s) dict_keys(['etl_reddit_pipeline']) retrieved from /opt/airflow/dags/reddit_dag.py
[2025-07-20T00:02:36.125+0000] {logging_mixin.py:151} INFO - [2025-07-20T00:02:36.125+0000] {dag.py:2941} INFO - Sync 1 DAGs
[2025-07-20T00:02:36.150+0000] {logging_mixin.py:151} INFO - [2025-07-20T00:02:36.150+0000] {dag.py:3722} INFO - Setting next_dagrun for etl_reddit_pipeline to 2025-07-20T00:00:00+00:00, run_after=2025-07-21T00:00:00+00:00
[2025-07-20T00:02:36.169+0000] {processor.py:179} INFO - Processing /opt/airflow/dags/reddit_dag.py took 0.184 seconds
[2025-07-20T00:03:06.369+0000] {processor.py:157} INFO - Started process (PID=110) to work on /opt/airflow/dags/reddit_dag.py
[2025-07-20T00:03:06.370+0000] {processor.py:829} INFO - Processing file /opt/airflow/dags/reddit_dag.py for tasks to queue
[2025-07-20T00:03:06.371+0000] {logging_mixin.py:151} INFO - [2025-07-20T00:03:06.371+0000] {dagbag.py:536} INFO - Filling up the DagBag from /opt/airflow/dags/reddit_dag.py
[2025-07-20T00:03:06.488+0000] {processor.py:839} INFO - DAG(s) dict_keys(['etl_reddit_pipeline']) retrieved from /opt/airflow/dags/reddit_dag.py
[2025-07-20T00:03:06.517+0000] {logging_mixin.py:151} INFO - [2025-07-20T00:03:06.517+0000] {dag.py:2941} INFO - Sync 1 DAGs
[2025-07-20T00:03:06.541+0000] {logging_mixin.py:151} INFO - [2025-07-20T00:03:06.540+0000] {dag.py:3722} INFO - Setting next_dagrun for etl_reddit_pipeline to 2025-07-20T00:00:00+00:00, run_after=2025-07-21T00:00:00+00:00
[2025-07-20T00:03:06.557+0000] {processor.py:179} INFO - Processing /opt/airflow/dags/reddit_dag.py took 0.192 seconds
[2025-07-20T00:03:36.716+0000] {processor.py:157} INFO - Started process (PID=111) to work on /opt/airflow/dags/reddit_dag.py
[2025-07-20T00:03:36.717+0000] {processor.py:829} INFO - Processing file /opt/airflow/dags/reddit_dag.py for tasks to queue
[2025-07-20T00:03:36.718+0000] {logging_mixin.py:151} INFO - [2025-07-20T00:03:36.717+0000] {dagbag.py:536} INFO - Filling up the DagBag from /opt/airflow/dags/reddit_dag.py
[2025-07-20T00:03:36.817+0000] {processor.py:839} INFO - DAG(s) dict_keys(['etl_reddit_pipeline']) retrieved from /opt/airflow/dags/reddit_dag.py
[2025-07-20T00:03:36.846+0000] {logging_mixin.py:151} INFO - [2025-07-20T00:03:36.846+0000] {dag.py:2941} INFO - Sync 1 DAGs
[2025-07-20T00:03:36.871+0000] {logging_mixin.py:151} INFO - [2025-07-20T00:03:36.871+0000] {dag.py:3722} INFO - Setting next_dagrun for etl_reddit_pipeline to 2025-07-20T00:00:00+00:00, run_after=2025-07-21T00:00:00+00:00
[2025-07-20T00:03:36.889+0000] {processor.py:179} INFO - Processing /opt/airflow/dags/reddit_dag.py took 0.176 seconds
[2025-07-20T00:04:07.054+0000] {processor.py:157} INFO - Started process (PID=112) to work on /opt/airflow/dags/reddit_dag.py
[2025-07-20T00:04:07.055+0000] {processor.py:829} INFO - Processing file /opt/airflow/dags/reddit_dag.py for tasks to queue
[2025-07-20T00:04:07.057+0000] {logging_mixin.py:151} INFO - [2025-07-20T00:04:07.056+0000] {dagbag.py:536} INFO - Filling up the DagBag from /opt/airflow/dags/reddit_dag.py
[2025-07-20T00:04:07.151+0000] {processor.py:839} INFO - DAG(s) dict_keys(['etl_reddit_pipeline']) retrieved from /opt/airflow/dags/reddit_dag.py
[2025-07-20T00:04:07.180+0000] {logging_mixin.py:151} INFO - [2025-07-20T00:04:07.180+0000] {dag.py:2941} INFO - Sync 1 DAGs
[2025-07-20T00:04:07.204+0000] {logging_mixin.py:151} INFO - [2025-07-20T00:04:07.204+0000] {dag.py:3722} INFO - Setting next_dagrun for etl_reddit_pipeline to 2025-07-20T00:00:00+00:00, run_after=2025-07-21T00:00:00+00:00
[2025-07-20T00:04:07.219+0000] {processor.py:179} INFO - Processing /opt/airflow/dags/reddit_dag.py took 0.168 seconds
[2025-07-20T00:04:37.393+0000] {processor.py:157} INFO - Started process (PID=113) to work on /opt/airflow/dags/reddit_dag.py
[2025-07-20T00:04:37.394+0000] {processor.py:829} INFO - Processing file /opt/airflow/dags/reddit_dag.py for tasks to queue
[2025-07-20T00:04:37.395+0000] {logging_mixin.py:151} INFO - [2025-07-20T00:04:37.395+0000] {dagbag.py:536} INFO - Filling up the DagBag from /opt/airflow/dags/reddit_dag.py
[2025-07-20T00:04:37.541+0000] {processor.py:839} INFO - DAG(s) dict_keys(['etl_reddit_pipeline']) retrieved from /opt/airflow/dags/reddit_dag.py
[2025-07-20T00:04:37.584+0000] {logging_mixin.py:151} INFO - [2025-07-20T00:04:37.584+0000] {dag.py:2941} INFO - Sync 1 DAGs
[2025-07-20T00:04:37.623+0000] {logging_mixin.py:151} INFO - [2025-07-20T00:04:37.623+0000] {dag.py:3722} INFO - Setting next_dagrun for etl_reddit_pipeline to 2025-07-20T00:00:00+00:00, run_after=2025-07-21T00:00:00+00:00
[2025-07-20T00:04:37.650+0000] {processor.py:179} INFO - Processing /opt/airflow/dags/reddit_dag.py took 0.261 seconds
[2025-07-20T00:05:07.816+0000] {processor.py:157} INFO - Started process (PID=114) to work on /opt/airflow/dags/reddit_dag.py
[2025-07-20T00:05:07.817+0000] {processor.py:829} INFO - Processing file /opt/airflow/dags/reddit_dag.py for tasks to queue
[2025-07-20T00:05:07.818+0000] {logging_mixin.py:151} INFO - [2025-07-20T00:05:07.818+0000] {dagbag.py:536} INFO - Filling up the DagBag from /opt/airflow/dags/reddit_dag.py
[2025-07-20T00:05:07.912+0000] {processor.py:839} INFO - DAG(s) dict_keys(['etl_reddit_pipeline']) retrieved from /opt/airflow/dags/reddit_dag.py
[2025-07-20T00:05:07.963+0000] {logging_mixin.py:151} INFO - [2025-07-20T00:05:07.963+0000] {dag.py:2941} INFO - Sync 1 DAGs
[2025-07-20T00:05:07.986+0000] {logging_mixin.py:151} INFO - [2025-07-20T00:05:07.985+0000] {dag.py:3722} INFO - Setting next_dagrun for etl_reddit_pipeline to 2025-07-20T00:00:00+00:00, run_after=2025-07-21T00:00:00+00:00
[2025-07-20T00:05:08.002+0000] {processor.py:179} INFO - Processing /opt/airflow/dags/reddit_dag.py took 0.189 seconds
[2025-07-20T00:05:38.162+0000] {processor.py:157} INFO - Started process (PID=115) to work on /opt/airflow/dags/reddit_dag.py
[2025-07-20T00:05:38.163+0000] {processor.py:829} INFO - Processing file /opt/airflow/dags/reddit_dag.py for tasks to queue
[2025-07-20T00:05:38.164+0000] {logging_mixin.py:151} INFO - [2025-07-20T00:05:38.164+0000] {dagbag.py:536} INFO - Filling up the DagBag from /opt/airflow/dags/reddit_dag.py
[2025-07-20T00:05:38.287+0000] {processor.py:839} INFO - DAG(s) dict_keys(['etl_reddit_pipeline']) retrieved from /opt/airflow/dags/reddit_dag.py
[2025-07-20T00:05:38.319+0000] {logging_mixin.py:151} INFO - [2025-07-20T00:05:38.319+0000] {dag.py:2941} INFO - Sync 1 DAGs
[2025-07-20T00:05:38.346+0000] {logging_mixin.py:151} INFO - [2025-07-20T00:05:38.346+0000] {dag.py:3722} INFO - Setting next_dagrun for etl_reddit_pipeline to 2025-07-20T00:00:00+00:00, run_after=2025-07-21T00:00:00+00:00
[2025-07-20T00:05:38.380+0000] {processor.py:179} INFO - Processing /opt/airflow/dags/reddit_dag.py took 0.222 seconds
[2025-07-20T00:06:08.541+0000] {processor.py:157} INFO - Started process (PID=116) to work on /opt/airflow/dags/reddit_dag.py
[2025-07-20T00:06:08.542+0000] {processor.py:829} INFO - Processing file /opt/airflow/dags/reddit_dag.py for tasks to queue
[2025-07-20T00:06:08.543+0000] {logging_mixin.py:151} INFO - [2025-07-20T00:06:08.543+0000] {dagbag.py:536} INFO - Filling up the DagBag from /opt/airflow/dags/reddit_dag.py
[2025-07-20T00:06:08.643+0000] {processor.py:839} INFO - DAG(s) dict_keys(['etl_reddit_pipeline']) retrieved from /opt/airflow/dags/reddit_dag.py
[2025-07-20T00:06:08.672+0000] {logging_mixin.py:151} INFO - [2025-07-20T00:06:08.672+0000] {dag.py:2941} INFO - Sync 1 DAGs
[2025-07-20T00:06:08.695+0000] {logging_mixin.py:151} INFO - [2025-07-20T00:06:08.695+0000] {dag.py:3722} INFO - Setting next_dagrun for etl_reddit_pipeline to 2025-07-20T00:00:00+00:00, run_after=2025-07-21T00:00:00+00:00
[2025-07-20T00:06:08.715+0000] {processor.py:179} INFO - Processing /opt/airflow/dags/reddit_dag.py took 0.177 seconds
[2025-07-20T00:06:38.877+0000] {processor.py:157} INFO - Started process (PID=117) to work on /opt/airflow/dags/reddit_dag.py
[2025-07-20T00:06:38.878+0000] {processor.py:829} INFO - Processing file /opt/airflow/dags/reddit_dag.py for tasks to queue
[2025-07-20T00:06:38.879+0000] {logging_mixin.py:151} INFO - [2025-07-20T00:06:38.879+0000] {dagbag.py:536} INFO - Filling up the DagBag from /opt/airflow/dags/reddit_dag.py
[2025-07-20T00:06:38.983+0000] {processor.py:839} INFO - DAG(s) dict_keys(['etl_reddit_pipeline']) retrieved from /opt/airflow/dags/reddit_dag.py
[2025-07-20T00:06:39.011+0000] {logging_mixin.py:151} INFO - [2025-07-20T00:06:39.011+0000] {dag.py:2941} INFO - Sync 1 DAGs
[2025-07-20T00:06:39.035+0000] {logging_mixin.py:151} INFO - [2025-07-20T00:06:39.035+0000] {dag.py:3722} INFO - Setting next_dagrun for etl_reddit_pipeline to 2025-07-20T00:00:00+00:00, run_after=2025-07-21T00:00:00+00:00
[2025-07-20T00:06:39.069+0000] {processor.py:179} INFO - Processing /opt/airflow/dags/reddit_dag.py took 0.197 seconds
[2025-07-20T00:07:09.231+0000] {processor.py:157} INFO - Started process (PID=118) to work on /opt/airflow/dags/reddit_dag.py
[2025-07-20T00:07:09.232+0000] {processor.py:829} INFO - Processing file /opt/airflow/dags/reddit_dag.py for tasks to queue
[2025-07-20T00:07:09.234+0000] {logging_mixin.py:151} INFO - [2025-07-20T00:07:09.233+0000] {dagbag.py:536} INFO - Filling up the DagBag from /opt/airflow/dags/reddit_dag.py
[2025-07-20T00:07:09.341+0000] {processor.py:839} INFO - DAG(s) dict_keys(['etl_reddit_pipeline']) retrieved from /opt/airflow/dags/reddit_dag.py
[2025-07-20T00:07:09.369+0000] {logging_mixin.py:151} INFO - [2025-07-20T00:07:09.369+0000] {dag.py:2941} INFO - Sync 1 DAGs
[2025-07-20T00:07:09.393+0000] {logging_mixin.py:151} INFO - [2025-07-20T00:07:09.393+0000] {dag.py:3722} INFO - Setting next_dagrun for etl_reddit_pipeline to 2025-07-20T00:00:00+00:00, run_after=2025-07-21T00:00:00+00:00
[2025-07-20T00:07:09.410+0000] {processor.py:179} INFO - Processing /opt/airflow/dags/reddit_dag.py took 0.183 seconds
[2025-07-20T00:07:39.567+0000] {processor.py:157} INFO - Started process (PID=119) to work on /opt/airflow/dags/reddit_dag.py
[2025-07-20T00:07:39.568+0000] {processor.py:829} INFO - Processing file /opt/airflow/dags/reddit_dag.py for tasks to queue
[2025-07-20T00:07:39.569+0000] {logging_mixin.py:151} INFO - [2025-07-20T00:07:39.569+0000] {dagbag.py:536} INFO - Filling up the DagBag from /opt/airflow/dags/reddit_dag.py
[2025-07-20T00:07:39.677+0000] {processor.py:839} INFO - DAG(s) dict_keys(['etl_reddit_pipeline']) retrieved from /opt/airflow/dags/reddit_dag.py
[2025-07-20T00:07:39.709+0000] {logging_mixin.py:151} INFO - [2025-07-20T00:07:39.709+0000] {dag.py:2941} INFO - Sync 1 DAGs
[2025-07-20T00:07:39.732+0000] {logging_mixin.py:151} INFO - [2025-07-20T00:07:39.732+0000] {dag.py:3722} INFO - Setting next_dagrun for etl_reddit_pipeline to 2025-07-20T00:00:00+00:00, run_after=2025-07-21T00:00:00+00:00
[2025-07-20T00:07:39.768+0000] {processor.py:179} INFO - Processing /opt/airflow/dags/reddit_dag.py took 0.205 seconds
[2025-07-20T00:08:09.931+0000] {processor.py:157} INFO - Started process (PID=120) to work on /opt/airflow/dags/reddit_dag.py
[2025-07-20T00:08:09.932+0000] {processor.py:829} INFO - Processing file /opt/airflow/dags/reddit_dag.py for tasks to queue
[2025-07-20T00:08:09.933+0000] {logging_mixin.py:151} INFO - [2025-07-20T00:08:09.933+0000] {dagbag.py:536} INFO - Filling up the DagBag from /opt/airflow/dags/reddit_dag.py
[2025-07-20T00:08:10.045+0000] {processor.py:839} INFO - DAG(s) dict_keys(['etl_reddit_pipeline']) retrieved from /opt/airflow/dags/reddit_dag.py
[2025-07-20T00:08:10.072+0000] {logging_mixin.py:151} INFO - [2025-07-20T00:08:10.072+0000] {dag.py:2941} INFO - Sync 1 DAGs
[2025-07-20T00:08:10.099+0000] {logging_mixin.py:151} INFO - [2025-07-20T00:08:10.099+0000] {dag.py:3722} INFO - Setting next_dagrun for etl_reddit_pipeline to 2025-07-20T00:00:00+00:00, run_after=2025-07-21T00:00:00+00:00
[2025-07-20T00:08:10.118+0000] {processor.py:179} INFO - Processing /opt/airflow/dags/reddit_dag.py took 0.191 seconds
[2025-07-20T00:08:40.306+0000] {processor.py:157} INFO - Started process (PID=121) to work on /opt/airflow/dags/reddit_dag.py
[2025-07-20T00:08:40.307+0000] {processor.py:829} INFO - Processing file /opt/airflow/dags/reddit_dag.py for tasks to queue
[2025-07-20T00:08:40.307+0000] {logging_mixin.py:151} INFO - [2025-07-20T00:08:40.307+0000] {dagbag.py:536} INFO - Filling up the DagBag from /opt/airflow/dags/reddit_dag.py
[2025-07-20T00:08:40.417+0000] {processor.py:839} INFO - DAG(s) dict_keys(['etl_reddit_pipeline']) retrieved from /opt/airflow/dags/reddit_dag.py
[2025-07-20T00:08:40.447+0000] {logging_mixin.py:151} INFO - [2025-07-20T00:08:40.446+0000] {dag.py:2941} INFO - Sync 1 DAGs
[2025-07-20T00:08:40.469+0000] {logging_mixin.py:151} INFO - [2025-07-20T00:08:40.469+0000] {dag.py:3722} INFO - Setting next_dagrun for etl_reddit_pipeline to 2025-07-20T00:00:00+00:00, run_after=2025-07-21T00:00:00+00:00
[2025-07-20T00:08:40.485+0000] {processor.py:179} INFO - Processing /opt/airflow/dags/reddit_dag.py took 0.183 seconds
[2025-07-20T00:09:10.645+0000] {processor.py:157} INFO - Started process (PID=122) to work on /opt/airflow/dags/reddit_dag.py
[2025-07-20T00:09:10.646+0000] {processor.py:829} INFO - Processing file /opt/airflow/dags/reddit_dag.py for tasks to queue
[2025-07-20T00:09:10.647+0000] {logging_mixin.py:151} INFO - [2025-07-20T00:09:10.647+0000] {dagbag.py:536} INFO - Filling up the DagBag from /opt/airflow/dags/reddit_dag.py
[2025-07-20T00:09:10.776+0000] {processor.py:839} INFO - DAG(s) dict_keys(['etl_reddit_pipeline']) retrieved from /opt/airflow/dags/reddit_dag.py
[2025-07-20T00:09:10.804+0000] {logging_mixin.py:151} INFO - [2025-07-20T00:09:10.804+0000] {dag.py:2941} INFO - Sync 1 DAGs
[2025-07-20T00:09:10.831+0000] {logging_mixin.py:151} INFO - [2025-07-20T00:09:10.831+0000] {dag.py:3722} INFO - Setting next_dagrun for etl_reddit_pipeline to 2025-07-20T00:00:00+00:00, run_after=2025-07-21T00:00:00+00:00
[2025-07-20T00:09:10.849+0000] {processor.py:179} INFO - Processing /opt/airflow/dags/reddit_dag.py took 0.207 seconds
[2025-07-20T00:09:41.024+0000] {processor.py:157} INFO - Started process (PID=123) to work on /opt/airflow/dags/reddit_dag.py
[2025-07-20T00:09:41.025+0000] {processor.py:829} INFO - Processing file /opt/airflow/dags/reddit_dag.py for tasks to queue
[2025-07-20T00:09:41.027+0000] {logging_mixin.py:151} INFO - [2025-07-20T00:09:41.026+0000] {dagbag.py:536} INFO - Filling up the DagBag from /opt/airflow/dags/reddit_dag.py
[2025-07-20T00:09:41.172+0000] {processor.py:839} INFO - DAG(s) dict_keys(['etl_reddit_pipeline']) retrieved from /opt/airflow/dags/reddit_dag.py
[2025-07-20T00:09:41.207+0000] {logging_mixin.py:151} INFO - [2025-07-20T00:09:41.207+0000] {dag.py:2941} INFO - Sync 1 DAGs
[2025-07-20T00:09:41.231+0000] {logging_mixin.py:151} INFO - [2025-07-20T00:09:41.231+0000] {dag.py:3722} INFO - Setting next_dagrun for etl_reddit_pipeline to 2025-07-20T00:00:00+00:00, run_after=2025-07-21T00:00:00+00:00
[2025-07-20T00:09:41.249+0000] {processor.py:179} INFO - Processing /opt/airflow/dags/reddit_dag.py took 0.229 seconds
[2025-07-20T00:10:06.592+0000] {processor.py:157} INFO - Started process (PID=124) to work on /opt/airflow/dags/reddit_dag.py
[2025-07-20T00:10:06.593+0000] {processor.py:829} INFO - Processing file /opt/airflow/dags/reddit_dag.py for tasks to queue
[2025-07-20T00:10:06.596+0000] {logging_mixin.py:151} INFO - [2025-07-20T00:10:06.595+0000] {dagbag.py:536} INFO - Filling up the DagBag from /opt/airflow/dags/reddit_dag.py
[2025-07-20T00:10:06.714+0000] {processor.py:839} INFO - DAG(s) dict_keys(['etl_reddit_pipeline']) retrieved from /opt/airflow/dags/reddit_dag.py
[2025-07-20T00:10:06.743+0000] {logging_mixin.py:151} INFO - [2025-07-20T00:10:06.743+0000] {taskinstance.py:1939} ERROR - {'DAG Id': 'etl_reddit_pipeline', 'Task Id': 'reddit_extraction', 'Run Id': 'manual__2025-07-20T00:09:58.684511+00:00', 'Hostname': '84c94c3377fe', 'External Executor Id': 'bcdca067-dc13-4a34-a909-60289a04adc5'}
[2025-07-20T00:10:06.762+0000] {logging_mixin.py:151} INFO - [2025-07-20T00:10:06.762+0000] {taskinstance.py:1400} INFO - Marking task as FAILED. dag_id=etl_reddit_pipeline, task_id=reddit_extraction, execution_date=20250720T000958, start_date=20250720T001000, end_date=20250720T001006
[2025-07-20T00:10:06.772+0000] {processor.py:790} INFO - Executed failure callback for <TaskInstance: etl_reddit_pipeline.reddit_extraction manual__2025-07-20T00:09:58.684511+00:00 [failed]> in state failed
[2025-07-20T00:10:06.792+0000] {logging_mixin.py:151} INFO - [2025-07-20T00:10:06.792+0000] {dag.py:2941} INFO - Sync 1 DAGs
[2025-07-20T00:10:06.812+0000] {logging_mixin.py:151} INFO - [2025-07-20T00:10:06.812+0000] {dag.py:3722} INFO - Setting next_dagrun for etl_reddit_pipeline to 2025-07-20T00:00:00+00:00, run_after=2025-07-21T00:00:00+00:00
[2025-07-20T00:10:06.831+0000] {processor.py:179} INFO - Processing /opt/airflow/dags/reddit_dag.py took 0.242 seconds
[2025-07-20T00:10:37.016+0000] {processor.py:157} INFO - Started process (PID=125) to work on /opt/airflow/dags/reddit_dag.py
[2025-07-20T00:10:37.017+0000] {processor.py:829} INFO - Processing file /opt/airflow/dags/reddit_dag.py for tasks to queue
[2025-07-20T00:10:37.018+0000] {logging_mixin.py:151} INFO - [2025-07-20T00:10:37.017+0000] {dagbag.py:536} INFO - Filling up the DagBag from /opt/airflow/dags/reddit_dag.py
[2025-07-20T00:10:37.118+0000] {processor.py:839} INFO - DAG(s) dict_keys(['etl_reddit_pipeline']) retrieved from /opt/airflow/dags/reddit_dag.py
[2025-07-20T00:10:37.149+0000] {logging_mixin.py:151} INFO - [2025-07-20T00:10:37.148+0000] {dag.py:2941} INFO - Sync 1 DAGs
[2025-07-20T00:10:37.174+0000] {logging_mixin.py:151} INFO - [2025-07-20T00:10:37.174+0000] {dag.py:3722} INFO - Setting next_dagrun for etl_reddit_pipeline to 2025-07-20T00:00:00+00:00, run_after=2025-07-21T00:00:00+00:00
[2025-07-20T00:10:37.192+0000] {processor.py:179} INFO - Processing /opt/airflow/dags/reddit_dag.py took 0.180 seconds
[2025-07-20T00:11:07.365+0000] {processor.py:157} INFO - Started process (PID=126) to work on /opt/airflow/dags/reddit_dag.py
[2025-07-20T00:11:07.366+0000] {processor.py:829} INFO - Processing file /opt/airflow/dags/reddit_dag.py for tasks to queue
[2025-07-20T00:11:07.367+0000] {logging_mixin.py:151} INFO - [2025-07-20T00:11:07.367+0000] {dagbag.py:536} INFO - Filling up the DagBag from /opt/airflow/dags/reddit_dag.py
[2025-07-20T00:11:07.468+0000] {processor.py:839} INFO - DAG(s) dict_keys(['etl_reddit_pipeline']) retrieved from /opt/airflow/dags/reddit_dag.py
[2025-07-20T00:11:07.497+0000] {logging_mixin.py:151} INFO - [2025-07-20T00:11:07.496+0000] {dag.py:2941} INFO - Sync 1 DAGs
[2025-07-20T00:11:07.520+0000] {logging_mixin.py:151} INFO - [2025-07-20T00:11:07.520+0000] {dag.py:3722} INFO - Setting next_dagrun for etl_reddit_pipeline to 2025-07-20T00:00:00+00:00, run_after=2025-07-21T00:00:00+00:00
[2025-07-20T00:11:07.541+0000] {processor.py:179} INFO - Processing /opt/airflow/dags/reddit_dag.py took 0.180 seconds
[2025-07-20T00:11:37.705+0000] {processor.py:157} INFO - Started process (PID=127) to work on /opt/airflow/dags/reddit_dag.py
[2025-07-20T00:11:37.706+0000] {processor.py:829} INFO - Processing file /opt/airflow/dags/reddit_dag.py for tasks to queue
[2025-07-20T00:11:37.707+0000] {logging_mixin.py:151} INFO - [2025-07-20T00:11:37.707+0000] {dagbag.py:536} INFO - Filling up the DagBag from /opt/airflow/dags/reddit_dag.py
[2025-07-20T00:11:37.829+0000] {processor.py:839} INFO - DAG(s) dict_keys(['etl_reddit_pipeline']) retrieved from /opt/airflow/dags/reddit_dag.py
[2025-07-20T00:11:37.861+0000] {logging_mixin.py:151} INFO - [2025-07-20T00:11:37.861+0000] {dag.py:2941} INFO - Sync 1 DAGs
[2025-07-20T00:11:37.890+0000] {logging_mixin.py:151} INFO - [2025-07-20T00:11:37.889+0000] {dag.py:3722} INFO - Setting next_dagrun for etl_reddit_pipeline to 2025-07-20T00:00:00+00:00, run_after=2025-07-21T00:00:00+00:00
[2025-07-20T00:11:37.914+0000] {processor.py:179} INFO - Processing /opt/airflow/dags/reddit_dag.py took 0.212 seconds
[2025-07-20T00:12:08.091+0000] {processor.py:157} INFO - Started process (PID=128) to work on /opt/airflow/dags/reddit_dag.py
[2025-07-20T00:12:08.092+0000] {processor.py:829} INFO - Processing file /opt/airflow/dags/reddit_dag.py for tasks to queue
[2025-07-20T00:12:08.093+0000] {logging_mixin.py:151} INFO - [2025-07-20T00:12:08.092+0000] {dagbag.py:536} INFO - Filling up the DagBag from /opt/airflow/dags/reddit_dag.py
[2025-07-20T00:12:08.206+0000] {processor.py:839} INFO - DAG(s) dict_keys(['etl_reddit_pipeline']) retrieved from /opt/airflow/dags/reddit_dag.py
[2025-07-20T00:12:08.238+0000] {logging_mixin.py:151} INFO - [2025-07-20T00:12:08.238+0000] {dag.py:2941} INFO - Sync 1 DAGs
[2025-07-20T00:12:08.267+0000] {logging_mixin.py:151} INFO - [2025-07-20T00:12:08.267+0000] {dag.py:3722} INFO - Setting next_dagrun for etl_reddit_pipeline to 2025-07-20T00:00:00+00:00, run_after=2025-07-21T00:00:00+00:00
[2025-07-20T00:12:08.298+0000] {processor.py:179} INFO - Processing /opt/airflow/dags/reddit_dag.py took 0.211 seconds
[2025-07-20T00:12:27.101+0000] {processor.py:157} INFO - Started process (PID=129) to work on /opt/airflow/dags/reddit_dag.py
[2025-07-20T00:12:27.102+0000] {processor.py:829} INFO - Processing file /opt/airflow/dags/reddit_dag.py for tasks to queue
[2025-07-20T00:12:27.103+0000] {logging_mixin.py:151} INFO - [2025-07-20T00:12:27.103+0000] {dagbag.py:536} INFO - Filling up the DagBag from /opt/airflow/dags/reddit_dag.py
[2025-07-20T00:12:27.272+0000] {processor.py:839} INFO - DAG(s) dict_keys(['etl_reddit_pipeline']) retrieved from /opt/airflow/dags/reddit_dag.py
[2025-07-20T00:12:27.327+0000] {logging_mixin.py:151} INFO - [2025-07-20T00:12:27.327+0000] {taskinstance.py:1939} ERROR - {'DAG Id': 'etl_reddit_pipeline', 'Task Id': 'reddit_extraction', 'Run Id': 'manual__2025-07-20T00:12:24.138462+00:00', 'Hostname': '84c94c3377fe', 'External Executor Id': '63aeba16-ea2d-4cb9-a69a-d88f97dfd317'}
[2025-07-20T00:12:27.353+0000] {logging_mixin.py:151} INFO - [2025-07-20T00:12:27.352+0000] {taskinstance.py:1400} INFO - Marking task as FAILED. dag_id=etl_reddit_pipeline, task_id=reddit_extraction, execution_date=20250720T001224, start_date=20250720T001225, end_date=20250720T001227
[2025-07-20T00:12:27.366+0000] {processor.py:790} INFO - Executed failure callback for <TaskInstance: etl_reddit_pipeline.reddit_extraction manual__2025-07-20T00:12:24.138462+00:00 [failed]> in state failed
[2025-07-20T00:12:27.388+0000] {logging_mixin.py:151} INFO - [2025-07-20T00:12:27.387+0000] {dag.py:2941} INFO - Sync 1 DAGs
[2025-07-20T00:12:27.410+0000] {logging_mixin.py:151} INFO - [2025-07-20T00:12:27.409+0000] {dag.py:3722} INFO - Setting next_dagrun for etl_reddit_pipeline to 2025-07-20T00:00:00+00:00, run_after=2025-07-21T00:00:00+00:00
[2025-07-20T00:12:27.432+0000] {processor.py:179} INFO - Processing /opt/airflow/dags/reddit_dag.py took 0.336 seconds
[2025-07-20T00:12:37.138+0000] {processor.py:157} INFO - Started process (PID=130) to work on /opt/airflow/dags/reddit_dag.py
[2025-07-20T00:12:37.139+0000] {processor.py:829} INFO - Processing file /opt/airflow/dags/reddit_dag.py for tasks to queue
[2025-07-20T00:12:37.140+0000] {logging_mixin.py:151} INFO - [2025-07-20T00:12:37.140+0000] {dagbag.py:536} INFO - Filling up the DagBag from /opt/airflow/dags/reddit_dag.py
[2025-07-20T00:12:37.248+0000] {processor.py:839} INFO - DAG(s) dict_keys(['etl_reddit_pipeline']) retrieved from /opt/airflow/dags/reddit_dag.py
[2025-07-20T00:12:37.272+0000] {logging_mixin.py:151} INFO - [2025-07-20T00:12:37.272+0000] {taskinstance.py:1939} ERROR - {'DAG Id': 'etl_reddit_pipeline', 'Task Id': 'reddit_extraction', 'Run Id': 'manual__2025-07-20T00:12:29.901682+00:00', 'Hostname': '84c94c3377fe', 'External Executor Id': '5128f655-ffec-4f09-a1dc-a2aea664784e'}
[2025-07-20T00:12:37.287+0000] {logging_mixin.py:151} INFO - [2025-07-20T00:12:37.287+0000] {taskinstance.py:1400} INFO - Marking task as FAILED. dag_id=etl_reddit_pipeline, task_id=reddit_extraction, execution_date=20250720T001229, start_date=20250720T001231, end_date=20250720T001237
[2025-07-20T00:12:37.294+0000] {processor.py:790} INFO - Executed failure callback for <TaskInstance: etl_reddit_pipeline.reddit_extraction manual__2025-07-20T00:12:29.901682+00:00 [failed]> in state failed
[2025-07-20T00:12:37.311+0000] {logging_mixin.py:151} INFO - [2025-07-20T00:12:37.311+0000] {dag.py:2941} INFO - Sync 1 DAGs
[2025-07-20T00:12:37.331+0000] {logging_mixin.py:151} INFO - [2025-07-20T00:12:37.331+0000] {dag.py:3722} INFO - Setting next_dagrun for etl_reddit_pipeline to 2025-07-20T00:00:00+00:00, run_after=2025-07-21T00:00:00+00:00
[2025-07-20T00:12:37.348+0000] {processor.py:179} INFO - Processing /opt/airflow/dags/reddit_dag.py took 0.216 seconds
[2025-07-20T00:12:57.205+0000] {processor.py:157} INFO - Started process (PID=131) to work on /opt/airflow/dags/reddit_dag.py
[2025-07-20T00:12:57.206+0000] {processor.py:829} INFO - Processing file /opt/airflow/dags/reddit_dag.py for tasks to queue
[2025-07-20T00:12:57.208+0000] {logging_mixin.py:151} INFO - [2025-07-20T00:12:57.207+0000] {dagbag.py:536} INFO - Filling up the DagBag from /opt/airflow/dags/reddit_dag.py
[2025-07-20T00:12:57.322+0000] {processor.py:839} INFO - DAG(s) dict_keys(['etl_reddit_pipeline']) retrieved from /opt/airflow/dags/reddit_dag.py
[2025-07-20T00:12:57.352+0000] {logging_mixin.py:151} INFO - [2025-07-20T00:12:57.352+0000] {taskinstance.py:1939} ERROR - {'DAG Id': 'etl_reddit_pipeline', 'Task Id': 'reddit_extraction', 'Run Id': 'manual__2025-07-20T00:12:48.447673+00:00', 'Hostname': '84c94c3377fe', 'External Executor Id': '4d98e0b2-72f2-4bcf-8a83-876e20bb4fc9'}
[2025-07-20T00:12:57.366+0000] {logging_mixin.py:151} INFO - [2025-07-20T00:12:57.366+0000] {taskinstance.py:1400} INFO - Marking task as FAILED. dag_id=etl_reddit_pipeline, task_id=reddit_extraction, execution_date=20250720T001248, start_date=20250720T001249, end_date=20250720T001257
[2025-07-20T00:12:57.376+0000] {processor.py:790} INFO - Executed failure callback for <TaskInstance: etl_reddit_pipeline.reddit_extraction manual__2025-07-20T00:12:48.447673+00:00 [failed]> in state failed
[2025-07-20T00:12:57.394+0000] {logging_mixin.py:151} INFO - [2025-07-20T00:12:57.394+0000] {dag.py:2941} INFO - Sync 1 DAGs
[2025-07-20T00:12:57.414+0000] {logging_mixin.py:151} INFO - [2025-07-20T00:12:57.414+0000] {dag.py:3722} INFO - Setting next_dagrun for etl_reddit_pipeline to 2025-07-20T00:00:00+00:00, run_after=2025-07-21T00:00:00+00:00
[2025-07-20T00:12:57.431+0000] {processor.py:179} INFO - Processing /opt/airflow/dags/reddit_dag.py took 0.229 seconds
[2025-07-20T00:13:27.611+0000] {processor.py:157} INFO - Started process (PID=132) to work on /opt/airflow/dags/reddit_dag.py
[2025-07-20T00:13:27.612+0000] {processor.py:829} INFO - Processing file /opt/airflow/dags/reddit_dag.py for tasks to queue
[2025-07-20T00:13:27.614+0000] {logging_mixin.py:151} INFO - [2025-07-20T00:13:27.613+0000] {dagbag.py:536} INFO - Filling up the DagBag from /opt/airflow/dags/reddit_dag.py
[2025-07-20T00:13:27.728+0000] {processor.py:839} INFO - DAG(s) dict_keys(['etl_reddit_pipeline']) retrieved from /opt/airflow/dags/reddit_dag.py
[2025-07-20T00:13:27.761+0000] {logging_mixin.py:151} INFO - [2025-07-20T00:13:27.760+0000] {dag.py:2941} INFO - Sync 1 DAGs
[2025-07-20T00:13:27.788+0000] {logging_mixin.py:151} INFO - [2025-07-20T00:13:27.787+0000] {dag.py:3722} INFO - Setting next_dagrun for etl_reddit_pipeline to 2025-07-20T00:00:00+00:00, run_after=2025-07-21T00:00:00+00:00
[2025-07-20T00:13:27.815+0000] {processor.py:179} INFO - Processing /opt/airflow/dags/reddit_dag.py took 0.210 seconds
[2025-07-20T00:13:57.978+0000] {processor.py:157} INFO - Started process (PID=133) to work on /opt/airflow/dags/reddit_dag.py
[2025-07-20T00:13:57.979+0000] {processor.py:829} INFO - Processing file /opt/airflow/dags/reddit_dag.py for tasks to queue
[2025-07-20T00:13:57.982+0000] {logging_mixin.py:151} INFO - [2025-07-20T00:13:57.982+0000] {dagbag.py:536} INFO - Filling up the DagBag from /opt/airflow/dags/reddit_dag.py
[2025-07-20T00:13:58.126+0000] {processor.py:839} INFO - DAG(s) dict_keys(['etl_reddit_pipeline']) retrieved from /opt/airflow/dags/reddit_dag.py
[2025-07-20T00:13:58.157+0000] {logging_mixin.py:151} INFO - [2025-07-20T00:13:58.157+0000] {dag.py:2941} INFO - Sync 1 DAGs
[2025-07-20T00:13:58.183+0000] {logging_mixin.py:151} INFO - [2025-07-20T00:13:58.183+0000] {dag.py:3722} INFO - Setting next_dagrun for etl_reddit_pipeline to 2025-07-20T00:00:00+00:00, run_after=2025-07-21T00:00:00+00:00
[2025-07-20T00:13:58.257+0000] {processor.py:179} INFO - Processing /opt/airflow/dags/reddit_dag.py took 0.284 seconds
[2025-07-20T00:14:27.660+0000] {processor.py:157} INFO - Started process (PID=134) to work on /opt/airflow/dags/reddit_dag.py
[2025-07-20T00:14:27.661+0000] {processor.py:829} INFO - Processing file /opt/airflow/dags/reddit_dag.py for tasks to queue
[2025-07-20T00:14:27.661+0000] {logging_mixin.py:151} INFO - [2025-07-20T00:14:27.661+0000] {dagbag.py:536} INFO - Filling up the DagBag from /opt/airflow/dags/reddit_dag.py
[2025-07-20T00:14:27.765+0000] {processor.py:839} INFO - DAG(s) dict_keys(['etl_reddit_pipeline']) retrieved from /opt/airflow/dags/reddit_dag.py
[2025-07-20T00:14:27.789+0000] {logging_mixin.py:151} INFO - [2025-07-20T00:14:27.788+0000] {taskinstance.py:1939} ERROR - {'DAG Id': 'etl_reddit_pipeline', 'Task Id': 'reddit_extraction', 'Run Id': 'manual__2025-07-20T00:14:21.752655+00:00', 'Hostname': '84c94c3377fe', 'External Executor Id': '66b077e0-0e41-4fb8-beae-399b37118495'}
[2025-07-20T00:14:27.802+0000] {logging_mixin.py:151} INFO - [2025-07-20T00:14:27.801+0000] {taskinstance.py:1400} INFO - Marking task as FAILED. dag_id=etl_reddit_pipeline, task_id=reddit_extraction, execution_date=20250720T001421, start_date=20250720T001422, end_date=20250720T001427
[2025-07-20T00:14:27.809+0000] {processor.py:790} INFO - Executed failure callback for <TaskInstance: etl_reddit_pipeline.reddit_extraction manual__2025-07-20T00:14:21.752655+00:00 [failed]> in state failed
[2025-07-20T00:14:27.824+0000] {logging_mixin.py:151} INFO - [2025-07-20T00:14:27.824+0000] {dag.py:2941} INFO - Sync 1 DAGs
[2025-07-20T00:14:27.842+0000] {logging_mixin.py:151} INFO - [2025-07-20T00:14:27.842+0000] {dag.py:3722} INFO - Setting next_dagrun for etl_reddit_pipeline to 2025-07-20T00:00:00+00:00, run_after=2025-07-21T00:00:00+00:00
[2025-07-20T00:14:27.858+0000] {processor.py:179} INFO - Processing /opt/airflow/dags/reddit_dag.py took 0.203 seconds
[2025-07-20T00:14:58.025+0000] {processor.py:157} INFO - Started process (PID=135) to work on /opt/airflow/dags/reddit_dag.py
[2025-07-20T00:14:58.026+0000] {processor.py:829} INFO - Processing file /opt/airflow/dags/reddit_dag.py for tasks to queue
[2025-07-20T00:14:58.027+0000] {logging_mixin.py:151} INFO - [2025-07-20T00:14:58.027+0000] {dagbag.py:536} INFO - Filling up the DagBag from /opt/airflow/dags/reddit_dag.py
[2025-07-20T00:14:58.129+0000] {processor.py:839} INFO - DAG(s) dict_keys(['etl_reddit_pipeline']) retrieved from /opt/airflow/dags/reddit_dag.py
[2025-07-20T00:14:58.156+0000] {logging_mixin.py:151} INFO - [2025-07-20T00:14:58.156+0000] {dag.py:2941} INFO - Sync 1 DAGs
[2025-07-20T00:14:58.182+0000] {logging_mixin.py:151} INFO - [2025-07-20T00:14:58.182+0000] {dag.py:3722} INFO - Setting next_dagrun for etl_reddit_pipeline to 2025-07-20T00:00:00+00:00, run_after=2025-07-21T00:00:00+00:00
[2025-07-20T00:14:58.233+0000] {processor.py:179} INFO - Processing /opt/airflow/dags/reddit_dag.py took 0.212 seconds
[2025-07-20T00:15:28.406+0000] {processor.py:157} INFO - Started process (PID=136) to work on /opt/airflow/dags/reddit_dag.py
[2025-07-20T00:15:28.408+0000] {processor.py:829} INFO - Processing file /opt/airflow/dags/reddit_dag.py for tasks to queue
[2025-07-20T00:15:28.409+0000] {logging_mixin.py:151} INFO - [2025-07-20T00:15:28.409+0000] {dagbag.py:536} INFO - Filling up the DagBag from /opt/airflow/dags/reddit_dag.py
[2025-07-20T00:15:28.532+0000] {processor.py:839} INFO - DAG(s) dict_keys(['etl_reddit_pipeline']) retrieved from /opt/airflow/dags/reddit_dag.py
[2025-07-20T00:15:28.574+0000] {logging_mixin.py:151} INFO - [2025-07-20T00:15:28.573+0000] {dag.py:2941} INFO - Sync 1 DAGs
[2025-07-20T00:15:28.613+0000] {logging_mixin.py:151} INFO - [2025-07-20T00:15:28.612+0000] {dag.py:3722} INFO - Setting next_dagrun for etl_reddit_pipeline to 2025-07-20T00:00:00+00:00, run_after=2025-07-21T00:00:00+00:00
[2025-07-20T00:15:28.636+0000] {processor.py:179} INFO - Processing /opt/airflow/dags/reddit_dag.py took 0.236 seconds
[2025-07-20T00:15:58.813+0000] {processor.py:157} INFO - Started process (PID=137) to work on /opt/airflow/dags/reddit_dag.py
[2025-07-20T00:15:58.814+0000] {processor.py:829} INFO - Processing file /opt/airflow/dags/reddit_dag.py for tasks to queue
[2025-07-20T00:15:58.815+0000] {logging_mixin.py:151} INFO - [2025-07-20T00:15:58.815+0000] {dagbag.py:536} INFO - Filling up the DagBag from /opt/airflow/dags/reddit_dag.py
[2025-07-20T00:15:58.920+0000] {processor.py:839} INFO - DAG(s) dict_keys(['etl_reddit_pipeline']) retrieved from /opt/airflow/dags/reddit_dag.py
[2025-07-20T00:15:58.952+0000] {logging_mixin.py:151} INFO - [2025-07-20T00:15:58.951+0000] {dag.py:2941} INFO - Sync 1 DAGs
[2025-07-20T00:15:58.975+0000] {logging_mixin.py:151} INFO - [2025-07-20T00:15:58.975+0000] {dag.py:3722} INFO - Setting next_dagrun for etl_reddit_pipeline to 2025-07-20T00:00:00+00:00, run_after=2025-07-21T00:00:00+00:00
[2025-07-20T00:15:58.993+0000] {processor.py:179} INFO - Processing /opt/airflow/dags/reddit_dag.py took 0.184 seconds
[2025-07-20T00:16:29.150+0000] {processor.py:157} INFO - Started process (PID=138) to work on /opt/airflow/dags/reddit_dag.py
[2025-07-20T00:16:29.151+0000] {processor.py:829} INFO - Processing file /opt/airflow/dags/reddit_dag.py for tasks to queue
[2025-07-20T00:16:29.152+0000] {logging_mixin.py:151} INFO - [2025-07-20T00:16:29.152+0000] {dagbag.py:536} INFO - Filling up the DagBag from /opt/airflow/dags/reddit_dag.py
[2025-07-20T00:16:29.256+0000] {processor.py:839} INFO - DAG(s) dict_keys(['etl_reddit_pipeline']) retrieved from /opt/airflow/dags/reddit_dag.py
[2025-07-20T00:16:29.285+0000] {logging_mixin.py:151} INFO - [2025-07-20T00:16:29.285+0000] {dag.py:2941} INFO - Sync 1 DAGs
[2025-07-20T00:16:29.307+0000] {logging_mixin.py:151} INFO - [2025-07-20T00:16:29.307+0000] {dag.py:3722} INFO - Setting next_dagrun for etl_reddit_pipeline to 2025-07-20T00:00:00+00:00, run_after=2025-07-21T00:00:00+00:00
[2025-07-20T00:16:29.325+0000] {processor.py:179} INFO - Processing /opt/airflow/dags/reddit_dag.py took 0.179 seconds
[2025-07-20T00:16:59.504+0000] {processor.py:157} INFO - Started process (PID=139) to work on /opt/airflow/dags/reddit_dag.py
[2025-07-20T00:16:59.505+0000] {processor.py:829} INFO - Processing file /opt/airflow/dags/reddit_dag.py for tasks to queue
[2025-07-20T00:16:59.506+0000] {logging_mixin.py:151} INFO - [2025-07-20T00:16:59.506+0000] {dagbag.py:536} INFO - Filling up the DagBag from /opt/airflow/dags/reddit_dag.py
[2025-07-20T00:16:59.629+0000] {processor.py:839} INFO - DAG(s) dict_keys(['etl_reddit_pipeline']) retrieved from /opt/airflow/dags/reddit_dag.py
[2025-07-20T00:16:59.783+0000] {logging_mixin.py:151} INFO - [2025-07-20T00:16:59.782+0000] {dag.py:2941} INFO - Sync 1 DAGs
[2025-07-20T00:16:59.794+0000] {logging_mixin.py:151} INFO - [2025-07-20T00:16:59.794+0000] {dag.py:2963} INFO - Creating ORM DAG for etl_reddit_pipeline
[2025-07-20T00:16:59.806+0000] {logging_mixin.py:151} INFO - [2025-07-20T00:16:59.806+0000] {dag.py:3722} INFO - Setting next_dagrun for etl_reddit_pipeline to 2025-07-19T00:00:00+00:00, run_after=2025-07-20T00:00:00+00:00
[2025-07-20T00:16:59.829+0000] {processor.py:179} INFO - Processing /opt/airflow/dags/reddit_dag.py took 0.328 seconds
[2025-07-20T00:17:18.325+0000] {processor.py:157} INFO - Started process (PID=144) to work on /opt/airflow/dags/reddit_dag.py
[2025-07-20T00:17:18.326+0000] {processor.py:829} INFO - Processing file /opt/airflow/dags/reddit_dag.py for tasks to queue
[2025-07-20T00:17:18.327+0000] {logging_mixin.py:151} INFO - [2025-07-20T00:17:18.326+0000] {dagbag.py:536} INFO - Filling up the DagBag from /opt/airflow/dags/reddit_dag.py
[2025-07-20T00:17:18.446+0000] {processor.py:839} INFO - DAG(s) dict_keys(['etl_reddit_pipeline']) retrieved from /opt/airflow/dags/reddit_dag.py
[2025-07-20T00:17:18.476+0000] {logging_mixin.py:151} INFO - [2025-07-20T00:17:18.476+0000] {taskinstance.py:1939} ERROR - {'DAG Id': 'etl_reddit_pipeline', 'Task Id': 'reddit_extraction', 'Run Id': 'scheduled__2025-07-19T00:00:00+00:00', 'Hostname': '84c94c3377fe', 'External Executor Id': 'be306830-a5b4-4823-b38f-6ba3bc275adc'}
[2025-07-20T00:17:18.495+0000] {logging_mixin.py:151} INFO - [2025-07-20T00:17:18.495+0000] {taskinstance.py:1400} INFO - Marking task as FAILED. dag_id=etl_reddit_pipeline, task_id=reddit_extraction, execution_date=20250719T000000, start_date=20250720T001708, end_date=20250720T001718
[2025-07-20T00:17:18.506+0000] {processor.py:790} INFO - Executed failure callback for <TaskInstance: etl_reddit_pipeline.reddit_extraction scheduled__2025-07-19T00:00:00+00:00 [failed]> in state failed
[2025-07-20T00:17:18.513+0000] {logging_mixin.py:151} INFO - [2025-07-20T00:17:18.513+0000] {dag.py:2941} INFO - Sync 1 DAGs
[2025-07-20T00:17:18.537+0000] {logging_mixin.py:151} INFO - [2025-07-20T00:17:18.536+0000] {dag.py:3722} INFO - Setting next_dagrun for etl_reddit_pipeline to 2025-07-20T00:00:00+00:00, run_after=2025-07-21T00:00:00+00:00
[2025-07-20T00:17:18.559+0000] {processor.py:179} INFO - Processing /opt/airflow/dags/reddit_dag.py took 0.237 seconds
[2025-07-20T00:17:28.378+0000] {processor.py:157} INFO - Started process (PID=145) to work on /opt/airflow/dags/reddit_dag.py
[2025-07-20T00:17:28.380+0000] {processor.py:829} INFO - Processing file /opt/airflow/dags/reddit_dag.py for tasks to queue
[2025-07-20T00:17:28.381+0000] {logging_mixin.py:151} INFO - [2025-07-20T00:17:28.381+0000] {dagbag.py:536} INFO - Filling up the DagBag from /opt/airflow/dags/reddit_dag.py
[2025-07-20T00:17:28.492+0000] {processor.py:839} INFO - DAG(s) dict_keys(['etl_reddit_pipeline']) retrieved from /opt/airflow/dags/reddit_dag.py
[2025-07-20T00:17:28.518+0000] {logging_mixin.py:151} INFO - [2025-07-20T00:17:28.518+0000] {taskinstance.py:1939} ERROR - {'DAG Id': 'etl_reddit_pipeline', 'Task Id': 'reddit_extraction', 'Run Id': 'manual__2025-07-20T00:17:07.209986+00:00', 'Hostname': '84c94c3377fe', 'External Executor Id': 'f2d21944-9b9b-4aeb-9356-6a727eebfab5'}
[2025-07-20T00:17:28.539+0000] {logging_mixin.py:151} INFO - [2025-07-20T00:17:28.539+0000] {taskinstance.py:1400} INFO - Marking task as FAILED. dag_id=etl_reddit_pipeline, task_id=reddit_extraction, execution_date=20250720T001707, start_date=20250720T001708, end_date=20250720T001728
[2025-07-20T00:17:28.548+0000] {processor.py:790} INFO - Executed failure callback for <TaskInstance: etl_reddit_pipeline.reddit_extraction manual__2025-07-20T00:17:07.209986+00:00 [failed]> in state failed
[2025-07-20T00:17:28.553+0000] {logging_mixin.py:151} INFO - [2025-07-20T00:17:28.552+0000] {taskinstance.py:1939} ERROR - {'DAG Id': 'etl_reddit_pipeline', 'Task Id': 'reddit_extraction', 'Run Id': 'manual__2025-07-20T00:17:07.209986+00:00', 'Hostname': '84c94c3377fe', 'External Executor Id': 'f2d21944-9b9b-4aeb-9356-6a727eebfab5'}
[2025-07-20T00:17:28.558+0000] {logging_mixin.py:151} INFO - [2025-07-20T00:17:28.558+0000] {taskinstance.py:1400} INFO - Marking task as FAILED. dag_id=etl_reddit_pipeline, task_id=reddit_extraction, execution_date=20250720T001707, start_date=20250720T001708, end_date=20250720T001728
[2025-07-20T00:17:28.561+0000] {processor.py:790} INFO - Executed failure callback for <TaskInstance: etl_reddit_pipeline.reddit_extraction manual__2025-07-20T00:17:07.209986+00:00 [failed]> in state failed
[2025-07-20T00:17:28.566+0000] {logging_mixin.py:151} INFO - [2025-07-20T00:17:28.566+0000] {dag.py:2941} INFO - Sync 1 DAGs
[2025-07-20T00:17:28.587+0000] {logging_mixin.py:151} INFO - [2025-07-20T00:17:28.587+0000] {dag.py:3722} INFO - Setting next_dagrun for etl_reddit_pipeline to 2025-07-20T00:00:00+00:00, run_after=2025-07-21T00:00:00+00:00
[2025-07-20T00:17:28.603+0000] {processor.py:179} INFO - Processing /opt/airflow/dags/reddit_dag.py took 0.229 seconds
[2025-07-20T00:17:58.773+0000] {processor.py:157} INFO - Started process (PID=146) to work on /opt/airflow/dags/reddit_dag.py
[2025-07-20T00:17:58.774+0000] {processor.py:829} INFO - Processing file /opt/airflow/dags/reddit_dag.py for tasks to queue
[2025-07-20T00:17:58.775+0000] {logging_mixin.py:151} INFO - [2025-07-20T00:17:58.775+0000] {dagbag.py:536} INFO - Filling up the DagBag from /opt/airflow/dags/reddit_dag.py
[2025-07-20T00:17:58.882+0000] {processor.py:839} INFO - DAG(s) dict_keys(['etl_reddit_pipeline']) retrieved from /opt/airflow/dags/reddit_dag.py
[2025-07-20T00:17:58.911+0000] {logging_mixin.py:151} INFO - [2025-07-20T00:17:58.910+0000] {dag.py:2941} INFO - Sync 1 DAGs
[2025-07-20T00:17:58.937+0000] {logging_mixin.py:151} INFO - [2025-07-20T00:17:58.936+0000] {dag.py:3722} INFO - Setting next_dagrun for etl_reddit_pipeline to 2025-07-20T00:00:00+00:00, run_after=2025-07-21T00:00:00+00:00
[2025-07-20T00:17:58.954+0000] {processor.py:179} INFO - Processing /opt/airflow/dags/reddit_dag.py took 0.184 seconds
[2025-07-20T00:18:29.130+0000] {processor.py:157} INFO - Started process (PID=147) to work on /opt/airflow/dags/reddit_dag.py
[2025-07-20T00:18:29.131+0000] {processor.py:829} INFO - Processing file /opt/airflow/dags/reddit_dag.py for tasks to queue
[2025-07-20T00:18:29.132+0000] {logging_mixin.py:151} INFO - [2025-07-20T00:18:29.132+0000] {dagbag.py:536} INFO - Filling up the DagBag from /opt/airflow/dags/reddit_dag.py
[2025-07-20T00:18:29.259+0000] {processor.py:839} INFO - DAG(s) dict_keys(['etl_reddit_pipeline']) retrieved from /opt/airflow/dags/reddit_dag.py
[2025-07-20T00:18:29.291+0000] {logging_mixin.py:151} INFO - [2025-07-20T00:18:29.290+0000] {dag.py:2941} INFO - Sync 1 DAGs
[2025-07-20T00:18:29.319+0000] {logging_mixin.py:151} INFO - [2025-07-20T00:18:29.319+0000] {dag.py:3722} INFO - Setting next_dagrun for etl_reddit_pipeline to 2025-07-20T00:00:00+00:00, run_after=2025-07-21T00:00:00+00:00
[2025-07-20T00:18:29.345+0000] {processor.py:179} INFO - Processing /opt/airflow/dags/reddit_dag.py took 0.219 seconds
[2025-07-20T00:18:59.539+0000] {processor.py:157} INFO - Started process (PID=148) to work on /opt/airflow/dags/reddit_dag.py
[2025-07-20T00:18:59.540+0000] {processor.py:829} INFO - Processing file /opt/airflow/dags/reddit_dag.py for tasks to queue
[2025-07-20T00:18:59.541+0000] {logging_mixin.py:151} INFO - [2025-07-20T00:18:59.540+0000] {dagbag.py:536} INFO - Filling up the DagBag from /opt/airflow/dags/reddit_dag.py
[2025-07-20T00:18:59.646+0000] {processor.py:839} INFO - DAG(s) dict_keys(['etl_reddit_pipeline']) retrieved from /opt/airflow/dags/reddit_dag.py
[2025-07-20T00:18:59.679+0000] {logging_mixin.py:151} INFO - [2025-07-20T00:18:59.679+0000] {dag.py:2941} INFO - Sync 1 DAGs
[2025-07-20T00:18:59.706+0000] {logging_mixin.py:151} INFO - [2025-07-20T00:18:59.705+0000] {dag.py:3722} INFO - Setting next_dagrun for etl_reddit_pipeline to 2025-07-20T00:00:00+00:00, run_after=2025-07-21T00:00:00+00:00
[2025-07-20T00:18:59.742+0000] {processor.py:179} INFO - Processing /opt/airflow/dags/reddit_dag.py took 0.208 seconds
[2025-07-20T00:19:29.905+0000] {processor.py:157} INFO - Started process (PID=149) to work on /opt/airflow/dags/reddit_dag.py
[2025-07-20T00:19:29.906+0000] {processor.py:829} INFO - Processing file /opt/airflow/dags/reddit_dag.py for tasks to queue
[2025-07-20T00:19:29.907+0000] {logging_mixin.py:151} INFO - [2025-07-20T00:19:29.907+0000] {dagbag.py:536} INFO - Filling up the DagBag from /opt/airflow/dags/reddit_dag.py
[2025-07-20T00:19:30.009+0000] {processor.py:839} INFO - DAG(s) dict_keys(['etl_reddit_pipeline']) retrieved from /opt/airflow/dags/reddit_dag.py
[2025-07-20T00:19:30.039+0000] {logging_mixin.py:151} INFO - [2025-07-20T00:19:30.039+0000] {dag.py:2941} INFO - Sync 1 DAGs
[2025-07-20T00:19:30.061+0000] {logging_mixin.py:151} INFO - [2025-07-20T00:19:30.061+0000] {dag.py:3722} INFO - Setting next_dagrun for etl_reddit_pipeline to 2025-07-20T00:00:00+00:00, run_after=2025-07-21T00:00:00+00:00
[2025-07-20T00:19:30.079+0000] {processor.py:179} INFO - Processing /opt/airflow/dags/reddit_dag.py took 0.178 seconds
[2025-07-20T00:20:00.240+0000] {processor.py:157} INFO - Started process (PID=150) to work on /opt/airflow/dags/reddit_dag.py
[2025-07-20T00:20:00.242+0000] {processor.py:829} INFO - Processing file /opt/airflow/dags/reddit_dag.py for tasks to queue
[2025-07-20T00:20:00.243+0000] {logging_mixin.py:151} INFO - [2025-07-20T00:20:00.243+0000] {dagbag.py:536} INFO - Filling up the DagBag from /opt/airflow/dags/reddit_dag.py
[2025-07-20T00:20:00.345+0000] {processor.py:839} INFO - DAG(s) dict_keys(['etl_reddit_pipeline']) retrieved from /opt/airflow/dags/reddit_dag.py
[2025-07-20T00:20:00.376+0000] {logging_mixin.py:151} INFO - [2025-07-20T00:20:00.375+0000] {dag.py:2941} INFO - Sync 1 DAGs
[2025-07-20T00:20:00.399+0000] {logging_mixin.py:151} INFO - [2025-07-20T00:20:00.398+0000] {dag.py:3722} INFO - Setting next_dagrun for etl_reddit_pipeline to 2025-07-20T00:00:00+00:00, run_after=2025-07-21T00:00:00+00:00
[2025-07-20T00:20:00.415+0000] {processor.py:179} INFO - Processing /opt/airflow/dags/reddit_dag.py took 0.178 seconds
[2025-07-20T00:20:30.580+0000] {processor.py:157} INFO - Started process (PID=151) to work on /opt/airflow/dags/reddit_dag.py
[2025-07-20T00:20:30.581+0000] {processor.py:829} INFO - Processing file /opt/airflow/dags/reddit_dag.py for tasks to queue
[2025-07-20T00:20:30.582+0000] {logging_mixin.py:151} INFO - [2025-07-20T00:20:30.581+0000] {dagbag.py:536} INFO - Filling up the DagBag from /opt/airflow/dags/reddit_dag.py
[2025-07-20T00:20:30.680+0000] {processor.py:839} INFO - DAG(s) dict_keys(['etl_reddit_pipeline']) retrieved from /opt/airflow/dags/reddit_dag.py
[2025-07-20T00:20:30.707+0000] {logging_mixin.py:151} INFO - [2025-07-20T00:20:30.707+0000] {dag.py:2941} INFO - Sync 1 DAGs
[2025-07-20T00:20:30.731+0000] {logging_mixin.py:151} INFO - [2025-07-20T00:20:30.731+0000] {dag.py:3722} INFO - Setting next_dagrun for etl_reddit_pipeline to 2025-07-20T00:00:00+00:00, run_after=2025-07-21T00:00:00+00:00
[2025-07-20T00:20:30.748+0000] {processor.py:179} INFO - Processing /opt/airflow/dags/reddit_dag.py took 0.173 seconds
[2025-07-20T00:21:00.907+0000] {processor.py:157} INFO - Started process (PID=152) to work on /opt/airflow/dags/reddit_dag.py
[2025-07-20T00:21:00.908+0000] {processor.py:829} INFO - Processing file /opt/airflow/dags/reddit_dag.py for tasks to queue
[2025-07-20T00:21:00.909+0000] {logging_mixin.py:151} INFO - [2025-07-20T00:21:00.909+0000] {dagbag.py:536} INFO - Filling up the DagBag from /opt/airflow/dags/reddit_dag.py
[2025-07-20T00:21:01.011+0000] {processor.py:839} INFO - DAG(s) dict_keys(['etl_reddit_pipeline']) retrieved from /opt/airflow/dags/reddit_dag.py
[2025-07-20T00:21:01.039+0000] {logging_mixin.py:151} INFO - [2025-07-20T00:21:01.039+0000] {dag.py:2941} INFO - Sync 1 DAGs
[2025-07-20T00:21:01.064+0000] {logging_mixin.py:151} INFO - [2025-07-20T00:21:01.064+0000] {dag.py:3722} INFO - Setting next_dagrun for etl_reddit_pipeline to 2025-07-20T00:00:00+00:00, run_after=2025-07-21T00:00:00+00:00
[2025-07-20T00:21:01.081+0000] {processor.py:179} INFO - Processing /opt/airflow/dags/reddit_dag.py took 0.178 seconds
[2025-07-20T00:21:31.244+0000] {processor.py:157} INFO - Started process (PID=153) to work on /opt/airflow/dags/reddit_dag.py
[2025-07-20T00:21:31.245+0000] {processor.py:829} INFO - Processing file /opt/airflow/dags/reddit_dag.py for tasks to queue
[2025-07-20T00:21:31.246+0000] {logging_mixin.py:151} INFO - [2025-07-20T00:21:31.246+0000] {dagbag.py:536} INFO - Filling up the DagBag from /opt/airflow/dags/reddit_dag.py
[2025-07-20T00:21:31.354+0000] {processor.py:839} INFO - DAG(s) dict_keys(['etl_reddit_pipeline']) retrieved from /opt/airflow/dags/reddit_dag.py
[2025-07-20T00:21:31.383+0000] {logging_mixin.py:151} INFO - [2025-07-20T00:21:31.383+0000] {dag.py:2941} INFO - Sync 1 DAGs
[2025-07-20T00:21:31.407+0000] {logging_mixin.py:151} INFO - [2025-07-20T00:21:31.407+0000] {dag.py:3722} INFO - Setting next_dagrun for etl_reddit_pipeline to 2025-07-20T00:00:00+00:00, run_after=2025-07-21T00:00:00+00:00
[2025-07-20T00:21:31.452+0000] {processor.py:179} INFO - Processing /opt/airflow/dags/reddit_dag.py took 0.213 seconds
[2025-07-20T00:22:01.608+0000] {processor.py:157} INFO - Started process (PID=154) to work on /opt/airflow/dags/reddit_dag.py
[2025-07-20T00:22:01.609+0000] {processor.py:829} INFO - Processing file /opt/airflow/dags/reddit_dag.py for tasks to queue
[2025-07-20T00:22:01.610+0000] {logging_mixin.py:151} INFO - [2025-07-20T00:22:01.610+0000] {dagbag.py:536} INFO - Filling up the DagBag from /opt/airflow/dags/reddit_dag.py
[2025-07-20T00:22:01.718+0000] {processor.py:839} INFO - DAG(s) dict_keys(['etl_reddit_pipeline']) retrieved from /opt/airflow/dags/reddit_dag.py
[2025-07-20T00:22:01.748+0000] {logging_mixin.py:151} INFO - [2025-07-20T00:22:01.748+0000] {dag.py:2941} INFO - Sync 1 DAGs
[2025-07-20T00:22:01.772+0000] {logging_mixin.py:151} INFO - [2025-07-20T00:22:01.772+0000] {dag.py:3722} INFO - Setting next_dagrun for etl_reddit_pipeline to 2025-07-20T00:00:00+00:00, run_after=2025-07-21T00:00:00+00:00
[2025-07-20T00:22:01.792+0000] {processor.py:179} INFO - Processing /opt/airflow/dags/reddit_dag.py took 0.188 seconds
[2025-07-20T00:22:31.953+0000] {processor.py:157} INFO - Started process (PID=155) to work on /opt/airflow/dags/reddit_dag.py
[2025-07-20T00:22:31.953+0000] {processor.py:829} INFO - Processing file /opt/airflow/dags/reddit_dag.py for tasks to queue
[2025-07-20T00:22:31.954+0000] {logging_mixin.py:151} INFO - [2025-07-20T00:22:31.954+0000] {dagbag.py:536} INFO - Filling up the DagBag from /opt/airflow/dags/reddit_dag.py
[2025-07-20T00:22:32.058+0000] {processor.py:839} INFO - DAG(s) dict_keys(['etl_reddit_pipeline']) retrieved from /opt/airflow/dags/reddit_dag.py
[2025-07-20T00:22:32.088+0000] {logging_mixin.py:151} INFO - [2025-07-20T00:22:32.088+0000] {dag.py:2941} INFO - Sync 1 DAGs
[2025-07-20T00:22:32.113+0000] {logging_mixin.py:151} INFO - [2025-07-20T00:22:32.113+0000] {dag.py:3722} INFO - Setting next_dagrun for etl_reddit_pipeline to 2025-07-20T00:00:00+00:00, run_after=2025-07-21T00:00:00+00:00
[2025-07-20T00:22:32.157+0000] {processor.py:179} INFO - Processing /opt/airflow/dags/reddit_dag.py took 0.208 seconds
[2025-07-20T00:23:02.321+0000] {processor.py:157} INFO - Started process (PID=156) to work on /opt/airflow/dags/reddit_dag.py
[2025-07-20T00:23:02.321+0000] {processor.py:829} INFO - Processing file /opt/airflow/dags/reddit_dag.py for tasks to queue
[2025-07-20T00:23:02.322+0000] {logging_mixin.py:151} INFO - [2025-07-20T00:23:02.322+0000] {dagbag.py:536} INFO - Filling up the DagBag from /opt/airflow/dags/reddit_dag.py
[2025-07-20T00:23:02.423+0000] {processor.py:839} INFO - DAG(s) dict_keys(['etl_reddit_pipeline']) retrieved from /opt/airflow/dags/reddit_dag.py
[2025-07-20T00:23:02.455+0000] {logging_mixin.py:151} INFO - [2025-07-20T00:23:02.455+0000] {dag.py:2941} INFO - Sync 1 DAGs
[2025-07-20T00:23:02.486+0000] {logging_mixin.py:151} INFO - [2025-07-20T00:23:02.486+0000] {dag.py:3722} INFO - Setting next_dagrun for etl_reddit_pipeline to 2025-07-20T00:00:00+00:00, run_after=2025-07-21T00:00:00+00:00
[2025-07-20T00:23:02.526+0000] {processor.py:179} INFO - Processing /opt/airflow/dags/reddit_dag.py took 0.209 seconds
[2025-07-20T00:23:32.689+0000] {processor.py:157} INFO - Started process (PID=157) to work on /opt/airflow/dags/reddit_dag.py
[2025-07-20T00:23:32.690+0000] {processor.py:829} INFO - Processing file /opt/airflow/dags/reddit_dag.py for tasks to queue
[2025-07-20T00:23:32.691+0000] {logging_mixin.py:151} INFO - [2025-07-20T00:23:32.691+0000] {dagbag.py:536} INFO - Filling up the DagBag from /opt/airflow/dags/reddit_dag.py
[2025-07-20T00:23:32.792+0000] {processor.py:839} INFO - DAG(s) dict_keys(['etl_reddit_pipeline']) retrieved from /opt/airflow/dags/reddit_dag.py
[2025-07-20T00:23:32.823+0000] {logging_mixin.py:151} INFO - [2025-07-20T00:23:32.823+0000] {dag.py:2941} INFO - Sync 1 DAGs
[2025-07-20T00:23:32.850+0000] {logging_mixin.py:151} INFO - [2025-07-20T00:23:32.850+0000] {dag.py:3722} INFO - Setting next_dagrun for etl_reddit_pipeline to 2025-07-20T00:00:00+00:00, run_after=2025-07-21T00:00:00+00:00
[2025-07-20T00:23:32.869+0000] {processor.py:179} INFO - Processing /opt/airflow/dags/reddit_dag.py took 0.184 seconds
[2025-07-20T00:24:03.026+0000] {processor.py:157} INFO - Started process (PID=158) to work on /opt/airflow/dags/reddit_dag.py
[2025-07-20T00:24:03.027+0000] {processor.py:829} INFO - Processing file /opt/airflow/dags/reddit_dag.py for tasks to queue
[2025-07-20T00:24:03.028+0000] {logging_mixin.py:151} INFO - [2025-07-20T00:24:03.028+0000] {dagbag.py:536} INFO - Filling up the DagBag from /opt/airflow/dags/reddit_dag.py
[2025-07-20T00:24:03.126+0000] {processor.py:839} INFO - DAG(s) dict_keys(['etl_reddit_pipeline']) retrieved from /opt/airflow/dags/reddit_dag.py
[2025-07-20T00:24:03.153+0000] {logging_mixin.py:151} INFO - [2025-07-20T00:24:03.153+0000] {dag.py:2941} INFO - Sync 1 DAGs
[2025-07-20T00:24:03.180+0000] {logging_mixin.py:151} INFO - [2025-07-20T00:24:03.180+0000] {dag.py:3722} INFO - Setting next_dagrun for etl_reddit_pipeline to 2025-07-20T00:00:00+00:00, run_after=2025-07-21T00:00:00+00:00
[2025-07-20T00:24:03.201+0000] {processor.py:179} INFO - Processing /opt/airflow/dags/reddit_dag.py took 0.179 seconds
[2025-07-20T00:24:33.361+0000] {processor.py:157} INFO - Started process (PID=159) to work on /opt/airflow/dags/reddit_dag.py
[2025-07-20T00:24:33.362+0000] {processor.py:829} INFO - Processing file /opt/airflow/dags/reddit_dag.py for tasks to queue
[2025-07-20T00:24:33.363+0000] {logging_mixin.py:151} INFO - [2025-07-20T00:24:33.363+0000] {dagbag.py:536} INFO - Filling up the DagBag from /opt/airflow/dags/reddit_dag.py
[2025-07-20T00:24:33.463+0000] {processor.py:839} INFO - DAG(s) dict_keys(['etl_reddit_pipeline']) retrieved from /opt/airflow/dags/reddit_dag.py
[2025-07-20T00:24:33.495+0000] {logging_mixin.py:151} INFO - [2025-07-20T00:24:33.494+0000] {dag.py:2941} INFO - Sync 1 DAGs
[2025-07-20T00:24:33.520+0000] {logging_mixin.py:151} INFO - [2025-07-20T00:24:33.520+0000] {dag.py:3722} INFO - Setting next_dagrun for etl_reddit_pipeline to 2025-07-20T00:00:00+00:00, run_after=2025-07-21T00:00:00+00:00
[2025-07-20T00:24:33.538+0000] {processor.py:179} INFO - Processing /opt/airflow/dags/reddit_dag.py took 0.181 seconds
[2025-07-20T00:25:03.705+0000] {processor.py:157} INFO - Started process (PID=160) to work on /opt/airflow/dags/reddit_dag.py
[2025-07-20T00:25:03.706+0000] {processor.py:829} INFO - Processing file /opt/airflow/dags/reddit_dag.py for tasks to queue
[2025-07-20T00:25:03.707+0000] {logging_mixin.py:151} INFO - [2025-07-20T00:25:03.707+0000] {dagbag.py:536} INFO - Filling up the DagBag from /opt/airflow/dags/reddit_dag.py
[2025-07-20T00:25:03.811+0000] {processor.py:839} INFO - DAG(s) dict_keys(['etl_reddit_pipeline']) retrieved from /opt/airflow/dags/reddit_dag.py
[2025-07-20T00:25:03.846+0000] {logging_mixin.py:151} INFO - [2025-07-20T00:25:03.846+0000] {dag.py:2941} INFO - Sync 1 DAGs
[2025-07-20T00:25:03.880+0000] {logging_mixin.py:151} INFO - [2025-07-20T00:25:03.879+0000] {dag.py:3722} INFO - Setting next_dagrun for etl_reddit_pipeline to 2025-07-20T00:00:00+00:00, run_after=2025-07-21T00:00:00+00:00
[2025-07-20T00:25:03.911+0000] {processor.py:179} INFO - Processing /opt/airflow/dags/reddit_dag.py took 0.209 seconds
[2025-07-20T00:25:34.087+0000] {processor.py:157} INFO - Started process (PID=161) to work on /opt/airflow/dags/reddit_dag.py
[2025-07-20T00:25:34.088+0000] {processor.py:829} INFO - Processing file /opt/airflow/dags/reddit_dag.py for tasks to queue
[2025-07-20T00:25:34.089+0000] {logging_mixin.py:151} INFO - [2025-07-20T00:25:34.089+0000] {dagbag.py:536} INFO - Filling up the DagBag from /opt/airflow/dags/reddit_dag.py
[2025-07-20T00:25:34.192+0000] {processor.py:839} INFO - DAG(s) dict_keys(['etl_reddit_pipeline']) retrieved from /opt/airflow/dags/reddit_dag.py
[2025-07-20T00:25:34.220+0000] {logging_mixin.py:151} INFO - [2025-07-20T00:25:34.220+0000] {dag.py:2941} INFO - Sync 1 DAGs
[2025-07-20T00:25:34.243+0000] {logging_mixin.py:151} INFO - [2025-07-20T00:25:34.243+0000] {dag.py:3722} INFO - Setting next_dagrun for etl_reddit_pipeline to 2025-07-20T00:00:00+00:00, run_after=2025-07-21T00:00:00+00:00
[2025-07-20T00:25:34.261+0000] {processor.py:179} INFO - Processing /opt/airflow/dags/reddit_dag.py took 0.178 seconds
[2025-07-20T00:26:04.423+0000] {processor.py:157} INFO - Started process (PID=162) to work on /opt/airflow/dags/reddit_dag.py
[2025-07-20T00:26:04.424+0000] {processor.py:829} INFO - Processing file /opt/airflow/dags/reddit_dag.py for tasks to queue
[2025-07-20T00:26:04.425+0000] {logging_mixin.py:151} INFO - [2025-07-20T00:26:04.425+0000] {dagbag.py:536} INFO - Filling up the DagBag from /opt/airflow/dags/reddit_dag.py
[2025-07-20T00:26:04.526+0000] {processor.py:839} INFO - DAG(s) dict_keys(['etl_reddit_pipeline']) retrieved from /opt/airflow/dags/reddit_dag.py
[2025-07-20T00:26:04.555+0000] {logging_mixin.py:151} INFO - [2025-07-20T00:26:04.555+0000] {dag.py:2941} INFO - Sync 1 DAGs
[2025-07-20T00:26:04.576+0000] {logging_mixin.py:151} INFO - [2025-07-20T00:26:04.576+0000] {dag.py:3722} INFO - Setting next_dagrun for etl_reddit_pipeline to 2025-07-20T00:00:00+00:00, run_after=2025-07-21T00:00:00+00:00
[2025-07-20T00:26:04.597+0000] {processor.py:179} INFO - Processing /opt/airflow/dags/reddit_dag.py took 0.178 seconds
[2025-07-20T00:26:34.757+0000] {processor.py:157} INFO - Started process (PID=163) to work on /opt/airflow/dags/reddit_dag.py
[2025-07-20T00:26:34.758+0000] {processor.py:829} INFO - Processing file /opt/airflow/dags/reddit_dag.py for tasks to queue
[2025-07-20T00:26:34.759+0000] {logging_mixin.py:151} INFO - [2025-07-20T00:26:34.759+0000] {dagbag.py:536} INFO - Filling up the DagBag from /opt/airflow/dags/reddit_dag.py
[2025-07-20T00:26:34.860+0000] {processor.py:839} INFO - DAG(s) dict_keys(['etl_reddit_pipeline']) retrieved from /opt/airflow/dags/reddit_dag.py
[2025-07-20T00:26:34.886+0000] {logging_mixin.py:151} INFO - [2025-07-20T00:26:34.886+0000] {dag.py:2941} INFO - Sync 1 DAGs
[2025-07-20T00:26:34.911+0000] {logging_mixin.py:151} INFO - [2025-07-20T00:26:34.910+0000] {dag.py:3722} INFO - Setting next_dagrun for etl_reddit_pipeline to 2025-07-20T00:00:00+00:00, run_after=2025-07-21T00:00:00+00:00
[2025-07-20T00:26:34.947+0000] {processor.py:179} INFO - Processing /opt/airflow/dags/reddit_dag.py took 0.195 seconds
[2025-07-20T00:27:05.112+0000] {processor.py:157} INFO - Started process (PID=164) to work on /opt/airflow/dags/reddit_dag.py
[2025-07-20T00:27:05.113+0000] {processor.py:829} INFO - Processing file /opt/airflow/dags/reddit_dag.py for tasks to queue
[2025-07-20T00:27:05.114+0000] {logging_mixin.py:151} INFO - [2025-07-20T00:27:05.114+0000] {dagbag.py:536} INFO - Filling up the DagBag from /opt/airflow/dags/reddit_dag.py
[2025-07-20T00:27:05.215+0000] {processor.py:839} INFO - DAG(s) dict_keys(['etl_reddit_pipeline']) retrieved from /opt/airflow/dags/reddit_dag.py
[2025-07-20T00:27:05.244+0000] {logging_mixin.py:151} INFO - [2025-07-20T00:27:05.244+0000] {dag.py:2941} INFO - Sync 1 DAGs
[2025-07-20T00:27:05.271+0000] {logging_mixin.py:151} INFO - [2025-07-20T00:27:05.271+0000] {dag.py:3722} INFO - Setting next_dagrun for etl_reddit_pipeline to 2025-07-20T00:00:00+00:00, run_after=2025-07-21T00:00:00+00:00
[2025-07-20T00:27:05.301+0000] {processor.py:179} INFO - Processing /opt/airflow/dags/reddit_dag.py took 0.195 seconds
[2025-07-20T00:27:35.471+0000] {processor.py:157} INFO - Started process (PID=165) to work on /opt/airflow/dags/reddit_dag.py
[2025-07-20T00:27:35.472+0000] {processor.py:829} INFO - Processing file /opt/airflow/dags/reddit_dag.py for tasks to queue
[2025-07-20T00:27:35.473+0000] {logging_mixin.py:151} INFO - [2025-07-20T00:27:35.472+0000] {dagbag.py:536} INFO - Filling up the DagBag from /opt/airflow/dags/reddit_dag.py
[2025-07-20T00:27:35.607+0000] {processor.py:839} INFO - DAG(s) dict_keys(['etl_reddit_pipeline']) retrieved from /opt/airflow/dags/reddit_dag.py
[2025-07-20T00:27:35.645+0000] {logging_mixin.py:151} INFO - [2025-07-20T00:27:35.645+0000] {dag.py:2941} INFO - Sync 1 DAGs
[2025-07-20T00:27:35.667+0000] {logging_mixin.py:151} INFO - [2025-07-20T00:27:35.667+0000] {dag.py:3722} INFO - Setting next_dagrun for etl_reddit_pipeline to 2025-07-20T00:00:00+00:00, run_after=2025-07-21T00:00:00+00:00
[2025-07-20T00:27:35.684+0000] {processor.py:179} INFO - Processing /opt/airflow/dags/reddit_dag.py took 0.217 seconds
[2025-07-20T00:28:05.847+0000] {processor.py:157} INFO - Started process (PID=166) to work on /opt/airflow/dags/reddit_dag.py
[2025-07-20T00:28:05.848+0000] {processor.py:829} INFO - Processing file /opt/airflow/dags/reddit_dag.py for tasks to queue
[2025-07-20T00:28:05.850+0000] {logging_mixin.py:151} INFO - [2025-07-20T00:28:05.849+0000] {dagbag.py:536} INFO - Filling up the DagBag from /opt/airflow/dags/reddit_dag.py
[2025-07-20T00:28:05.952+0000] {processor.py:839} INFO - DAG(s) dict_keys(['etl_reddit_pipeline']) retrieved from /opt/airflow/dags/reddit_dag.py
[2025-07-20T00:28:05.978+0000] {logging_mixin.py:151} INFO - [2025-07-20T00:28:05.978+0000] {dag.py:2941} INFO - Sync 1 DAGs
[2025-07-20T00:28:06.001+0000] {logging_mixin.py:151} INFO - [2025-07-20T00:28:06.000+0000] {dag.py:3722} INFO - Setting next_dagrun for etl_reddit_pipeline to 2025-07-20T00:00:00+00:00, run_after=2025-07-21T00:00:00+00:00
[2025-07-20T00:28:06.056+0000] {processor.py:179} INFO - Processing /opt/airflow/dags/reddit_dag.py took 0.215 seconds
[2025-07-20T00:28:36.222+0000] {processor.py:157} INFO - Started process (PID=167) to work on /opt/airflow/dags/reddit_dag.py
[2025-07-20T00:28:36.223+0000] {processor.py:829} INFO - Processing file /opt/airflow/dags/reddit_dag.py for tasks to queue
[2025-07-20T00:28:36.223+0000] {logging_mixin.py:151} INFO - [2025-07-20T00:28:36.223+0000] {dagbag.py:536} INFO - Filling up the DagBag from /opt/airflow/dags/reddit_dag.py
[2025-07-20T00:28:36.371+0000] {processor.py:839} INFO - DAG(s) dict_keys(['etl_reddit_pipeline']) retrieved from /opt/airflow/dags/reddit_dag.py
[2025-07-20T00:28:36.405+0000] {logging_mixin.py:151} INFO - [2025-07-20T00:28:36.404+0000] {dag.py:2941} INFO - Sync 1 DAGs
[2025-07-20T00:28:36.426+0000] {logging_mixin.py:151} INFO - [2025-07-20T00:28:36.426+0000] {dag.py:3722} INFO - Setting next_dagrun for etl_reddit_pipeline to 2025-07-20T00:00:00+00:00, run_after=2025-07-21T00:00:00+00:00
[2025-07-20T00:28:36.443+0000] {processor.py:179} INFO - Processing /opt/airflow/dags/reddit_dag.py took 0.224 seconds
[2025-07-20T00:29:06.605+0000] {processor.py:157} INFO - Started process (PID=168) to work on /opt/airflow/dags/reddit_dag.py
[2025-07-20T00:29:06.605+0000] {processor.py:829} INFO - Processing file /opt/airflow/dags/reddit_dag.py for tasks to queue
[2025-07-20T00:29:06.606+0000] {logging_mixin.py:151} INFO - [2025-07-20T00:29:06.606+0000] {dagbag.py:536} INFO - Filling up the DagBag from /opt/airflow/dags/reddit_dag.py
[2025-07-20T00:29:06.732+0000] {processor.py:839} INFO - DAG(s) dict_keys(['etl_reddit_pipeline']) retrieved from /opt/airflow/dags/reddit_dag.py
[2025-07-20T00:29:06.767+0000] {logging_mixin.py:151} INFO - [2025-07-20T00:29:06.766+0000] {dag.py:2941} INFO - Sync 1 DAGs
[2025-07-20T00:29:06.805+0000] {logging_mixin.py:151} INFO - [2025-07-20T00:29:06.804+0000] {dag.py:3722} INFO - Setting next_dagrun for etl_reddit_pipeline to 2025-07-20T00:00:00+00:00, run_after=2025-07-21T00:00:00+00:00
[2025-07-20T00:29:06.835+0000] {processor.py:179} INFO - Processing /opt/airflow/dags/reddit_dag.py took 0.234 seconds
[2025-07-20T00:29:37.017+0000] {processor.py:157} INFO - Started process (PID=169) to work on /opt/airflow/dags/reddit_dag.py
[2025-07-20T00:29:37.018+0000] {processor.py:829} INFO - Processing file /opt/airflow/dags/reddit_dag.py for tasks to queue
[2025-07-20T00:29:37.019+0000] {logging_mixin.py:151} INFO - [2025-07-20T00:29:37.018+0000] {dagbag.py:536} INFO - Filling up the DagBag from /opt/airflow/dags/reddit_dag.py
[2025-07-20T00:29:37.124+0000] {processor.py:839} INFO - DAG(s) dict_keys(['etl_reddit_pipeline']) retrieved from /opt/airflow/dags/reddit_dag.py
[2025-07-20T00:29:37.154+0000] {logging_mixin.py:151} INFO - [2025-07-20T00:29:37.154+0000] {dag.py:2941} INFO - Sync 1 DAGs
[2025-07-20T00:29:37.180+0000] {logging_mixin.py:151} INFO - [2025-07-20T00:29:37.180+0000] {dag.py:3722} INFO - Setting next_dagrun for etl_reddit_pipeline to 2025-07-20T00:00:00+00:00, run_after=2025-07-21T00:00:00+00:00
[2025-07-20T00:29:37.206+0000] {processor.py:179} INFO - Processing /opt/airflow/dags/reddit_dag.py took 0.192 seconds
